[2025-11-18T22:58:34.340+0000] {taskinstance.py:1979} INFO - Dependencies all met for dep_context=non-requeueable deps ti=<TaskInstance: copa2024_etl.load manual__2025-11-18T22:57:56.501341+00:00 [queued]>
[2025-11-18T22:58:34.355+0000] {taskinstance.py:1979} INFO - Dependencies all met for dep_context=requeueable deps ti=<TaskInstance: copa2024_etl.load manual__2025-11-18T22:57:56.501341+00:00 [queued]>
[2025-11-18T22:58:34.356+0000] {taskinstance.py:2193} INFO - Starting attempt 1 of 2
[2025-11-18T22:58:34.398+0000] {taskinstance.py:2217} INFO - Executing <Task(PythonOperator): load> on 2025-11-18 22:57:56.501341+00:00
[2025-11-18T22:58:34.410+0000] {standard_task_runner.py:60} INFO - Started process 268 to run task
[2025-11-18T22:58:34.415+0000] {standard_task_runner.py:87} INFO - Running: ['airflow', 'tasks', 'run', 'copa2024_etl', 'load', 'manual__2025-11-18T22:57:56.501341+00:00', '--job-id', '59', '--raw', '--subdir', 'DAGS_FOLDER/extract_transform_load_dag.py', '--cfg-path', '/tmp/tmptmzp60il']
[2025-11-18T22:58:34.417+0000] {standard_task_runner.py:88} INFO - Job 59: Subtask load
[2025-11-18T22:58:34.533+0000] {task_command.py:423} INFO - Running <TaskInstance: copa2024_etl.load manual__2025-11-18T22:57:56.501341+00:00 [running]> on host 973e28924d0a
[2025-11-18T22:58:34.726+0000] {taskinstance.py:2513} INFO - Exporting env vars: AIRFLOW_CTX_DAG_OWNER='airflow' AIRFLOW_CTX_DAG_ID='copa2024_etl' AIRFLOW_CTX_TASK_ID='load' AIRFLOW_CTX_EXECUTION_DATE='2025-11-18T22:57:56.501341+00:00' AIRFLOW_CTX_TRY_NUMBER='1' AIRFLOW_CTX_DAG_RUN_ID='manual__2025-11-18T22:57:56.501341+00:00'
[2025-11-18T22:58:34.795+0000] {logging_mixin.py:188} INFO - Cargando datos desde archivos temporales...
[2025-11-18T22:58:36.592+0000] {logging_mixin.py:188} INFO - Conectando a MongoDB...
[2025-11-18T22:58:36.710+0000] {logging_mixin.py:188} INFO - Colecciones events, teams, players, matches borradas.
[2025-11-18T22:58:40.481+0000] {logging_mixin.py:188} INFO - Insertados 100305 eventos en 'events'.
[2025-11-18T22:58:40.562+0000] {logging_mixin.py:188} INFO - Insertados 16 equipos en 'teams'.
[2025-11-18T22:58:40.589+0000] {logging_mixin.py:188} INFO - Insertados 339 jugadores en 'players'.
[2025-11-18T22:58:40.608+0000] {logging_mixin.py:188} INFO - Insertados 32 partidos en 'matches'.
[2025-11-18T22:58:40.609+0000] {logging_mixin.py:188} INFO - Carga a MongoDB finalizada.
[2025-11-18T22:58:40.639+0000] {logging_mixin.py:188} INFO - Archivos temporales eliminados.
[2025-11-18T22:58:40.820+0000] {python.py:202} INFO - Done. Returned value was: {'events_loaded': 100305, 'teams_loaded': 16, 'players_loaded': 339, 'matches_loaded': 32}
[2025-11-18T22:58:40.884+0000] {taskinstance.py:1149} INFO - Marking task as SUCCESS. dag_id=copa2024_etl, task_id=load, execution_date=20251118T225756, start_date=20251118T225834, end_date=20251118T225840
[2025-11-18T22:58:40.981+0000] {local_task_job_runner.py:234} INFO - Task exited with return code 0
[2025-11-18T22:58:41.000+0000] {taskinstance.py:3312} INFO - 0 downstream tasks scheduled from follow-on schedule check
