[2025-11-21T00:00:23.044+0000] {processor.py:161} INFO - Started process (PID=285) to work on /opt/airflow/dags/compute_kpis_dag.py
[2025-11-21T00:00:23.047+0000] {processor.py:830} INFO - Processing file /opt/airflow/dags/compute_kpis_dag.py for tasks to queue
[2025-11-21T00:00:23.048+0000] {logging_mixin.py:188} INFO - [2025-11-21T00:00:23.048+0000] {dagbag.py:540} INFO - Filling up the DagBag from /opt/airflow/dags/compute_kpis_dag.py
[2025-11-21T00:00:23.158+0000] {processor.py:840} INFO - DAG(s) 'copa2024_compute_kpis' retrieved from /opt/airflow/dags/compute_kpis_dag.py
[2025-11-21T00:00:23.195+0000] {logging_mixin.py:188} INFO - [2025-11-21T00:00:23.195+0000] {dag.py:3047} INFO - Sync 1 DAGs
[2025-11-21T00:00:23.225+0000] {logging_mixin.py:188} INFO - [2025-11-21T00:00:23.224+0000] {dag.py:3834} INFO - Setting next_dagrun for copa2024_compute_kpis to 2025-11-21 00:00:00+00:00, run_after=2025-11-22 00:00:00+00:00
[2025-11-21T00:00:23.284+0000] {processor.py:183} INFO - Processing /opt/airflow/dags/compute_kpis_dag.py took 0.245 seconds
[2025-11-21T00:00:53.927+0000] {processor.py:161} INFO - Started process (PID=287) to work on /opt/airflow/dags/compute_kpis_dag.py
[2025-11-21T00:00:53.929+0000] {processor.py:830} INFO - Processing file /opt/airflow/dags/compute_kpis_dag.py for tasks to queue
[2025-11-21T00:00:53.931+0000] {logging_mixin.py:188} INFO - [2025-11-21T00:00:53.930+0000] {dagbag.py:540} INFO - Filling up the DagBag from /opt/airflow/dags/compute_kpis_dag.py
[2025-11-21T00:00:54.022+0000] {processor.py:840} INFO - DAG(s) 'copa2024_compute_kpis' retrieved from /opt/airflow/dags/compute_kpis_dag.py
[2025-11-21T00:00:54.052+0000] {logging_mixin.py:188} INFO - [2025-11-21T00:00:54.052+0000] {dag.py:3047} INFO - Sync 1 DAGs
[2025-11-21T00:00:54.080+0000] {logging_mixin.py:188} INFO - [2025-11-21T00:00:54.080+0000] {dag.py:3834} INFO - Setting next_dagrun for copa2024_compute_kpis to 2025-11-21 00:00:00+00:00, run_after=2025-11-22 00:00:00+00:00
[2025-11-21T00:00:54.140+0000] {processor.py:183} INFO - Processing /opt/airflow/dags/compute_kpis_dag.py took 0.216 seconds
[2025-11-21T00:01:25.080+0000] {processor.py:161} INFO - Started process (PID=289) to work on /opt/airflow/dags/compute_kpis_dag.py
[2025-11-21T00:01:25.081+0000] {processor.py:830} INFO - Processing file /opt/airflow/dags/compute_kpis_dag.py for tasks to queue
[2025-11-21T00:01:25.083+0000] {logging_mixin.py:188} INFO - [2025-11-21T00:01:25.082+0000] {dagbag.py:540} INFO - Filling up the DagBag from /opt/airflow/dags/compute_kpis_dag.py
[2025-11-21T00:01:25.157+0000] {processor.py:840} INFO - DAG(s) 'copa2024_compute_kpis' retrieved from /opt/airflow/dags/compute_kpis_dag.py
[2025-11-21T00:01:25.187+0000] {logging_mixin.py:188} INFO - [2025-11-21T00:01:25.187+0000] {dag.py:3047} INFO - Sync 1 DAGs
[2025-11-21T00:01:25.215+0000] {logging_mixin.py:188} INFO - [2025-11-21T00:01:25.214+0000] {dag.py:3834} INFO - Setting next_dagrun for copa2024_compute_kpis to 2025-11-21 00:00:00+00:00, run_after=2025-11-22 00:00:00+00:00
[2025-11-21T00:01:25.274+0000] {processor.py:183} INFO - Processing /opt/airflow/dags/compute_kpis_dag.py took 0.197 seconds
[2025-11-21T00:01:58.337+0000] {processor.py:161} INFO - Started process (PID=291) to work on /opt/airflow/dags/compute_kpis_dag.py
[2025-11-21T00:01:58.338+0000] {processor.py:830} INFO - Processing file /opt/airflow/dags/compute_kpis_dag.py for tasks to queue
[2025-11-21T00:01:58.339+0000] {logging_mixin.py:188} INFO - [2025-11-21T00:01:58.339+0000] {dagbag.py:540} INFO - Filling up the DagBag from /opt/airflow/dags/compute_kpis_dag.py
[2025-11-21T00:01:58.426+0000] {processor.py:840} INFO - DAG(s) 'copa2024_compute_kpis' retrieved from /opt/airflow/dags/compute_kpis_dag.py
[2025-11-21T00:01:58.462+0000] {logging_mixin.py:188} INFO - [2025-11-21T00:01:58.462+0000] {dag.py:3047} INFO - Sync 1 DAGs
[2025-11-21T00:01:58.488+0000] {logging_mixin.py:188} INFO - [2025-11-21T00:01:58.488+0000] {dag.py:3834} INFO - Setting next_dagrun for copa2024_compute_kpis to 2025-11-21 00:00:00+00:00, run_after=2025-11-22 00:00:00+00:00
[2025-11-21T00:01:58.557+0000] {processor.py:183} INFO - Processing /opt/airflow/dags/compute_kpis_dag.py took 0.224 seconds
[2025-11-21T00:02:32.211+0000] {processor.py:161} INFO - Started process (PID=293) to work on /opt/airflow/dags/compute_kpis_dag.py
[2025-11-21T00:02:32.213+0000] {processor.py:830} INFO - Processing file /opt/airflow/dags/compute_kpis_dag.py for tasks to queue
[2025-11-21T00:02:32.214+0000] {logging_mixin.py:188} INFO - [2025-11-21T00:02:32.214+0000] {dagbag.py:540} INFO - Filling up the DagBag from /opt/airflow/dags/compute_kpis_dag.py
[2025-11-21T00:02:32.292+0000] {processor.py:840} INFO - DAG(s) 'copa2024_compute_kpis' retrieved from /opt/airflow/dags/compute_kpis_dag.py
[2025-11-21T00:02:32.321+0000] {logging_mixin.py:188} INFO - [2025-11-21T00:02:32.321+0000] {dag.py:3047} INFO - Sync 1 DAGs
[2025-11-21T00:02:32.348+0000] {logging_mixin.py:188} INFO - [2025-11-21T00:02:32.348+0000] {dag.py:3834} INFO - Setting next_dagrun for copa2024_compute_kpis to 2025-11-21 00:00:00+00:00, run_after=2025-11-22 00:00:00+00:00
[2025-11-21T00:02:32.411+0000] {processor.py:183} INFO - Processing /opt/airflow/dags/compute_kpis_dag.py took 0.206 seconds
[2025-11-21T00:03:04.919+0000] {processor.py:161} INFO - Started process (PID=295) to work on /opt/airflow/dags/compute_kpis_dag.py
[2025-11-21T00:03:04.920+0000] {processor.py:830} INFO - Processing file /opt/airflow/dags/compute_kpis_dag.py for tasks to queue
[2025-11-21T00:03:04.922+0000] {logging_mixin.py:188} INFO - [2025-11-21T00:03:04.921+0000] {dagbag.py:540} INFO - Filling up the DagBag from /opt/airflow/dags/compute_kpis_dag.py
[2025-11-21T00:03:05.043+0000] {processor.py:840} INFO - DAG(s) 'copa2024_compute_kpis' retrieved from /opt/airflow/dags/compute_kpis_dag.py
[2025-11-21T00:03:05.087+0000] {logging_mixin.py:188} INFO - [2025-11-21T00:03:05.087+0000] {dag.py:3047} INFO - Sync 1 DAGs
[2025-11-21T00:03:05.124+0000] {logging_mixin.py:188} INFO - [2025-11-21T00:03:05.123+0000] {dag.py:3834} INFO - Setting next_dagrun for copa2024_compute_kpis to 2025-11-21 00:00:00+00:00, run_after=2025-11-22 00:00:00+00:00
[2025-11-21T00:03:05.195+0000] {processor.py:183} INFO - Processing /opt/airflow/dags/compute_kpis_dag.py took 0.280 seconds
[2025-11-21T00:03:38.835+0000] {processor.py:161} INFO - Started process (PID=297) to work on /opt/airflow/dags/compute_kpis_dag.py
[2025-11-21T00:03:38.837+0000] {processor.py:830} INFO - Processing file /opt/airflow/dags/compute_kpis_dag.py for tasks to queue
[2025-11-21T00:03:38.838+0000] {logging_mixin.py:188} INFO - [2025-11-21T00:03:38.838+0000] {dagbag.py:540} INFO - Filling up the DagBag from /opt/airflow/dags/compute_kpis_dag.py
[2025-11-21T00:03:38.912+0000] {processor.py:840} INFO - DAG(s) 'copa2024_compute_kpis' retrieved from /opt/airflow/dags/compute_kpis_dag.py
[2025-11-21T00:03:38.952+0000] {logging_mixin.py:188} INFO - [2025-11-21T00:03:38.952+0000] {dag.py:3047} INFO - Sync 1 DAGs
[2025-11-21T00:03:38.996+0000] {logging_mixin.py:188} INFO - [2025-11-21T00:03:38.996+0000] {dag.py:3834} INFO - Setting next_dagrun for copa2024_compute_kpis to 2025-11-21 00:00:00+00:00, run_after=2025-11-22 00:00:00+00:00
[2025-11-21T00:03:39.100+0000] {processor.py:183} INFO - Processing /opt/airflow/dags/compute_kpis_dag.py took 0.268 seconds
[2025-11-21T00:04:11.730+0000] {processor.py:161} INFO - Started process (PID=299) to work on /opt/airflow/dags/compute_kpis_dag.py
[2025-11-21T00:04:11.731+0000] {processor.py:830} INFO - Processing file /opt/airflow/dags/compute_kpis_dag.py for tasks to queue
[2025-11-21T00:04:11.733+0000] {logging_mixin.py:188} INFO - [2025-11-21T00:04:11.732+0000] {dagbag.py:540} INFO - Filling up the DagBag from /opt/airflow/dags/compute_kpis_dag.py
[2025-11-21T00:04:11.808+0000] {processor.py:840} INFO - DAG(s) 'copa2024_compute_kpis' retrieved from /opt/airflow/dags/compute_kpis_dag.py
[2025-11-21T00:04:11.837+0000] {logging_mixin.py:188} INFO - [2025-11-21T00:04:11.837+0000] {dag.py:3047} INFO - Sync 1 DAGs
[2025-11-21T00:04:11.863+0000] {logging_mixin.py:188} INFO - [2025-11-21T00:04:11.863+0000] {dag.py:3834} INFO - Setting next_dagrun for copa2024_compute_kpis to 2025-11-21 00:00:00+00:00, run_after=2025-11-22 00:00:00+00:00
[2025-11-21T00:04:11.932+0000] {processor.py:183} INFO - Processing /opt/airflow/dags/compute_kpis_dag.py took 0.206 seconds
[2025-11-21T00:04:45.614+0000] {processor.py:161} INFO - Started process (PID=301) to work on /opt/airflow/dags/compute_kpis_dag.py
[2025-11-21T00:04:45.615+0000] {processor.py:830} INFO - Processing file /opt/airflow/dags/compute_kpis_dag.py for tasks to queue
[2025-11-21T00:04:45.617+0000] {logging_mixin.py:188} INFO - [2025-11-21T00:04:45.616+0000] {dagbag.py:540} INFO - Filling up the DagBag from /opt/airflow/dags/compute_kpis_dag.py
[2025-11-21T00:04:45.699+0000] {processor.py:840} INFO - DAG(s) 'copa2024_compute_kpis' retrieved from /opt/airflow/dags/compute_kpis_dag.py
[2025-11-21T00:04:45.734+0000] {logging_mixin.py:188} INFO - [2025-11-21T00:04:45.733+0000] {dag.py:3047} INFO - Sync 1 DAGs
[2025-11-21T00:04:45.762+0000] {logging_mixin.py:188} INFO - [2025-11-21T00:04:45.761+0000] {dag.py:3834} INFO - Setting next_dagrun for copa2024_compute_kpis to 2025-11-21 00:00:00+00:00, run_after=2025-11-22 00:00:00+00:00
[2025-11-21T00:04:45.832+0000] {processor.py:183} INFO - Processing /opt/airflow/dags/compute_kpis_dag.py took 0.222 seconds
[2025-11-21T00:05:18.210+0000] {processor.py:161} INFO - Started process (PID=303) to work on /opt/airflow/dags/compute_kpis_dag.py
[2025-11-21T00:05:18.212+0000] {processor.py:830} INFO - Processing file /opt/airflow/dags/compute_kpis_dag.py for tasks to queue
[2025-11-21T00:05:18.215+0000] {logging_mixin.py:188} INFO - [2025-11-21T00:05:18.214+0000] {dagbag.py:540} INFO - Filling up the DagBag from /opt/airflow/dags/compute_kpis_dag.py
[2025-11-21T00:05:18.304+0000] {processor.py:840} INFO - DAG(s) 'copa2024_compute_kpis' retrieved from /opt/airflow/dags/compute_kpis_dag.py
[2025-11-21T00:05:18.342+0000] {logging_mixin.py:188} INFO - [2025-11-21T00:05:18.341+0000] {dag.py:3047} INFO - Sync 1 DAGs
[2025-11-21T00:05:18.386+0000] {logging_mixin.py:188} INFO - [2025-11-21T00:05:18.386+0000] {dag.py:3834} INFO - Setting next_dagrun for copa2024_compute_kpis to 2025-11-21 00:00:00+00:00, run_after=2025-11-22 00:00:00+00:00
[2025-11-21T00:05:18.459+0000] {processor.py:183} INFO - Processing /opt/airflow/dags/compute_kpis_dag.py took 0.253 seconds
[2025-11-21T00:05:51.821+0000] {processor.py:161} INFO - Started process (PID=305) to work on /opt/airflow/dags/compute_kpis_dag.py
[2025-11-21T00:05:51.823+0000] {processor.py:830} INFO - Processing file /opt/airflow/dags/compute_kpis_dag.py for tasks to queue
[2025-11-21T00:05:51.824+0000] {logging_mixin.py:188} INFO - [2025-11-21T00:05:51.824+0000] {dagbag.py:540} INFO - Filling up the DagBag from /opt/airflow/dags/compute_kpis_dag.py
[2025-11-21T00:05:51.899+0000] {processor.py:840} INFO - DAG(s) 'copa2024_compute_kpis' retrieved from /opt/airflow/dags/compute_kpis_dag.py
[2025-11-21T00:05:51.929+0000] {logging_mixin.py:188} INFO - [2025-11-21T00:05:51.929+0000] {dag.py:3047} INFO - Sync 1 DAGs
[2025-11-21T00:05:51.957+0000] {logging_mixin.py:188} INFO - [2025-11-21T00:05:51.956+0000] {dag.py:3834} INFO - Setting next_dagrun for copa2024_compute_kpis to 2025-11-21 00:00:00+00:00, run_after=2025-11-22 00:00:00+00:00
[2025-11-21T00:05:52.019+0000] {processor.py:183} INFO - Processing /opt/airflow/dags/compute_kpis_dag.py took 0.201 seconds
[2025-11-21T00:06:25.461+0000] {processor.py:161} INFO - Started process (PID=307) to work on /opt/airflow/dags/compute_kpis_dag.py
[2025-11-21T00:06:25.463+0000] {processor.py:830} INFO - Processing file /opt/airflow/dags/compute_kpis_dag.py for tasks to queue
[2025-11-21T00:06:25.464+0000] {logging_mixin.py:188} INFO - [2025-11-21T00:06:25.464+0000] {dagbag.py:540} INFO - Filling up the DagBag from /opt/airflow/dags/compute_kpis_dag.py
[2025-11-21T00:06:25.545+0000] {processor.py:840} INFO - DAG(s) 'copa2024_compute_kpis' retrieved from /opt/airflow/dags/compute_kpis_dag.py
[2025-11-21T00:06:25.577+0000] {logging_mixin.py:188} INFO - [2025-11-21T00:06:25.577+0000] {dag.py:3047} INFO - Sync 1 DAGs
[2025-11-21T00:06:25.613+0000] {logging_mixin.py:188} INFO - [2025-11-21T00:06:25.613+0000] {dag.py:3834} INFO - Setting next_dagrun for copa2024_compute_kpis to 2025-11-21 00:00:00+00:00, run_after=2025-11-22 00:00:00+00:00
[2025-11-21T00:06:25.677+0000] {processor.py:183} INFO - Processing /opt/airflow/dags/compute_kpis_dag.py took 0.220 seconds
[2025-11-21T00:06:58.176+0000] {processor.py:161} INFO - Started process (PID=309) to work on /opt/airflow/dags/compute_kpis_dag.py
[2025-11-21T00:06:58.178+0000] {processor.py:830} INFO - Processing file /opt/airflow/dags/compute_kpis_dag.py for tasks to queue
[2025-11-21T00:06:58.180+0000] {logging_mixin.py:188} INFO - [2025-11-21T00:06:58.179+0000] {dagbag.py:540} INFO - Filling up the DagBag from /opt/airflow/dags/compute_kpis_dag.py
[2025-11-21T00:06:58.278+0000] {processor.py:840} INFO - DAG(s) 'copa2024_compute_kpis' retrieved from /opt/airflow/dags/compute_kpis_dag.py
[2025-11-21T00:06:58.314+0000] {logging_mixin.py:188} INFO - [2025-11-21T00:06:58.314+0000] {dag.py:3047} INFO - Sync 1 DAGs
[2025-11-21T00:06:58.347+0000] {logging_mixin.py:188} INFO - [2025-11-21T00:06:58.347+0000] {dag.py:3834} INFO - Setting next_dagrun for copa2024_compute_kpis to 2025-11-21 00:00:00+00:00, run_after=2025-11-22 00:00:00+00:00
[2025-11-21T00:06:58.417+0000] {processor.py:183} INFO - Processing /opt/airflow/dags/compute_kpis_dag.py took 0.246 seconds
[2025-11-21T00:07:32.079+0000] {processor.py:161} INFO - Started process (PID=311) to work on /opt/airflow/dags/compute_kpis_dag.py
[2025-11-21T00:07:32.081+0000] {processor.py:830} INFO - Processing file /opt/airflow/dags/compute_kpis_dag.py for tasks to queue
[2025-11-21T00:07:32.083+0000] {logging_mixin.py:188} INFO - [2025-11-21T00:07:32.082+0000] {dagbag.py:540} INFO - Filling up the DagBag from /opt/airflow/dags/compute_kpis_dag.py
[2025-11-21T00:07:32.190+0000] {processor.py:840} INFO - DAG(s) 'copa2024_compute_kpis' retrieved from /opt/airflow/dags/compute_kpis_dag.py
[2025-11-21T00:07:32.233+0000] {logging_mixin.py:188} INFO - [2025-11-21T00:07:32.232+0000] {dag.py:3047} INFO - Sync 1 DAGs
[2025-11-21T00:07:32.297+0000] {logging_mixin.py:188} INFO - [2025-11-21T00:07:32.297+0000] {dag.py:3834} INFO - Setting next_dagrun for copa2024_compute_kpis to 2025-11-21 00:00:00+00:00, run_after=2025-11-22 00:00:00+00:00
[2025-11-21T00:07:32.375+0000] {processor.py:183} INFO - Processing /opt/airflow/dags/compute_kpis_dag.py took 0.300 seconds
[2025-11-21T00:08:04.916+0000] {processor.py:161} INFO - Started process (PID=313) to work on /opt/airflow/dags/compute_kpis_dag.py
[2025-11-21T00:08:04.918+0000] {processor.py:830} INFO - Processing file /opt/airflow/dags/compute_kpis_dag.py for tasks to queue
[2025-11-21T00:08:04.920+0000] {logging_mixin.py:188} INFO - [2025-11-21T00:08:04.919+0000] {dagbag.py:540} INFO - Filling up the DagBag from /opt/airflow/dags/compute_kpis_dag.py
[2025-11-21T00:08:05.016+0000] {processor.py:840} INFO - DAG(s) 'copa2024_compute_kpis' retrieved from /opt/airflow/dags/compute_kpis_dag.py
[2025-11-21T00:08:05.062+0000] {logging_mixin.py:188} INFO - [2025-11-21T00:08:05.062+0000] {dag.py:3047} INFO - Sync 1 DAGs
[2025-11-21T00:08:05.108+0000] {logging_mixin.py:188} INFO - [2025-11-21T00:08:05.108+0000] {dag.py:3834} INFO - Setting next_dagrun for copa2024_compute_kpis to 2025-11-21 00:00:00+00:00, run_after=2025-11-22 00:00:00+00:00
[2025-11-21T00:08:05.180+0000] {processor.py:183} INFO - Processing /opt/airflow/dags/compute_kpis_dag.py took 0.267 seconds
[2025-11-21T00:08:38.857+0000] {processor.py:161} INFO - Started process (PID=315) to work on /opt/airflow/dags/compute_kpis_dag.py
[2025-11-21T00:08:38.859+0000] {processor.py:830} INFO - Processing file /opt/airflow/dags/compute_kpis_dag.py for tasks to queue
[2025-11-21T00:08:38.860+0000] {logging_mixin.py:188} INFO - [2025-11-21T00:08:38.859+0000] {dagbag.py:540} INFO - Filling up the DagBag from /opt/airflow/dags/compute_kpis_dag.py
[2025-11-21T00:08:38.944+0000] {processor.py:840} INFO - DAG(s) 'copa2024_compute_kpis' retrieved from /opt/airflow/dags/compute_kpis_dag.py
[2025-11-21T00:08:38.975+0000] {logging_mixin.py:188} INFO - [2025-11-21T00:08:38.975+0000] {dag.py:3047} INFO - Sync 1 DAGs
[2025-11-21T00:08:39.003+0000] {logging_mixin.py:188} INFO - [2025-11-21T00:08:39.003+0000] {dag.py:3834} INFO - Setting next_dagrun for copa2024_compute_kpis to 2025-11-21 00:00:00+00:00, run_after=2025-11-22 00:00:00+00:00
[2025-11-21T00:08:39.065+0000] {processor.py:183} INFO - Processing /opt/airflow/dags/compute_kpis_dag.py took 0.211 seconds
[2025-11-21T00:09:11.427+0000] {processor.py:161} INFO - Started process (PID=317) to work on /opt/airflow/dags/compute_kpis_dag.py
[2025-11-21T00:09:11.428+0000] {processor.py:830} INFO - Processing file /opt/airflow/dags/compute_kpis_dag.py for tasks to queue
[2025-11-21T00:09:11.430+0000] {logging_mixin.py:188} INFO - [2025-11-21T00:09:11.429+0000] {dagbag.py:540} INFO - Filling up the DagBag from /opt/airflow/dags/compute_kpis_dag.py
[2025-11-21T00:09:11.511+0000] {processor.py:840} INFO - DAG(s) 'copa2024_compute_kpis' retrieved from /opt/airflow/dags/compute_kpis_dag.py
[2025-11-21T00:09:11.551+0000] {logging_mixin.py:188} INFO - [2025-11-21T00:09:11.551+0000] {dag.py:3047} INFO - Sync 1 DAGs
[2025-11-21T00:09:11.581+0000] {logging_mixin.py:188} INFO - [2025-11-21T00:09:11.581+0000] {dag.py:3834} INFO - Setting next_dagrun for copa2024_compute_kpis to 2025-11-21 00:00:00+00:00, run_after=2025-11-22 00:00:00+00:00
[2025-11-21T00:09:11.643+0000] {processor.py:183} INFO - Processing /opt/airflow/dags/compute_kpis_dag.py took 0.219 seconds
[2025-11-21T00:09:45.126+0000] {processor.py:161} INFO - Started process (PID=319) to work on /opt/airflow/dags/compute_kpis_dag.py
[2025-11-21T00:09:45.128+0000] {processor.py:830} INFO - Processing file /opt/airflow/dags/compute_kpis_dag.py for tasks to queue
[2025-11-21T00:09:45.130+0000] {logging_mixin.py:188} INFO - [2025-11-21T00:09:45.130+0000] {dagbag.py:540} INFO - Filling up the DagBag from /opt/airflow/dags/compute_kpis_dag.py
[2025-11-21T00:09:45.223+0000] {processor.py:840} INFO - DAG(s) 'copa2024_compute_kpis' retrieved from /opt/airflow/dags/compute_kpis_dag.py
[2025-11-21T00:09:45.253+0000] {logging_mixin.py:188} INFO - [2025-11-21T00:09:45.253+0000] {dag.py:3047} INFO - Sync 1 DAGs
[2025-11-21T00:09:45.284+0000] {logging_mixin.py:188} INFO - [2025-11-21T00:09:45.284+0000] {dag.py:3834} INFO - Setting next_dagrun for copa2024_compute_kpis to 2025-11-21 00:00:00+00:00, run_after=2025-11-22 00:00:00+00:00
[2025-11-21T00:09:45.346+0000] {processor.py:183} INFO - Processing /opt/airflow/dags/compute_kpis_dag.py took 0.225 seconds
[2025-11-21T00:10:18.740+0000] {processor.py:161} INFO - Started process (PID=321) to work on /opt/airflow/dags/compute_kpis_dag.py
[2025-11-21T00:10:18.742+0000] {processor.py:830} INFO - Processing file /opt/airflow/dags/compute_kpis_dag.py for tasks to queue
[2025-11-21T00:10:18.743+0000] {logging_mixin.py:188} INFO - [2025-11-21T00:10:18.743+0000] {dagbag.py:540} INFO - Filling up the DagBag from /opt/airflow/dags/compute_kpis_dag.py
[2025-11-21T00:10:18.824+0000] {processor.py:840} INFO - DAG(s) 'copa2024_compute_kpis' retrieved from /opt/airflow/dags/compute_kpis_dag.py
[2025-11-21T00:10:18.854+0000] {logging_mixin.py:188} INFO - [2025-11-21T00:10:18.853+0000] {dag.py:3047} INFO - Sync 1 DAGs
[2025-11-21T00:10:18.884+0000] {logging_mixin.py:188} INFO - [2025-11-21T00:10:18.884+0000] {dag.py:3834} INFO - Setting next_dagrun for copa2024_compute_kpis to 2025-11-21 00:00:00+00:00, run_after=2025-11-22 00:00:00+00:00
[2025-11-21T00:10:18.954+0000] {processor.py:183} INFO - Processing /opt/airflow/dags/compute_kpis_dag.py took 0.217 seconds
[2025-11-21T00:10:52.355+0000] {processor.py:161} INFO - Started process (PID=323) to work on /opt/airflow/dags/compute_kpis_dag.py
[2025-11-21T00:10:52.356+0000] {processor.py:830} INFO - Processing file /opt/airflow/dags/compute_kpis_dag.py for tasks to queue
[2025-11-21T00:10:52.357+0000] {logging_mixin.py:188} INFO - [2025-11-21T00:10:52.357+0000] {dagbag.py:540} INFO - Filling up the DagBag from /opt/airflow/dags/compute_kpis_dag.py
[2025-11-21T00:10:52.442+0000] {processor.py:840} INFO - DAG(s) 'copa2024_compute_kpis' retrieved from /opt/airflow/dags/compute_kpis_dag.py
[2025-11-21T00:10:52.472+0000] {logging_mixin.py:188} INFO - [2025-11-21T00:10:52.471+0000] {dag.py:3047} INFO - Sync 1 DAGs
[2025-11-21T00:10:52.500+0000] {logging_mixin.py:188} INFO - [2025-11-21T00:10:52.499+0000] {dag.py:3834} INFO - Setting next_dagrun for copa2024_compute_kpis to 2025-11-21 00:00:00+00:00, run_after=2025-11-22 00:00:00+00:00
[2025-11-21T00:10:52.571+0000] {processor.py:183} INFO - Processing /opt/airflow/dags/compute_kpis_dag.py took 0.220 seconds
[2025-11-21T00:11:24.873+0000] {processor.py:161} INFO - Started process (PID=325) to work on /opt/airflow/dags/compute_kpis_dag.py
[2025-11-21T00:11:24.875+0000] {processor.py:830} INFO - Processing file /opt/airflow/dags/compute_kpis_dag.py for tasks to queue
[2025-11-21T00:11:24.876+0000] {logging_mixin.py:188} INFO - [2025-11-21T00:11:24.876+0000] {dagbag.py:540} INFO - Filling up the DagBag from /opt/airflow/dags/compute_kpis_dag.py
[2025-11-21T00:11:24.963+0000] {processor.py:840} INFO - DAG(s) 'copa2024_compute_kpis' retrieved from /opt/airflow/dags/compute_kpis_dag.py
[2025-11-21T00:11:24.993+0000] {logging_mixin.py:188} INFO - [2025-11-21T00:11:24.993+0000] {dag.py:3047} INFO - Sync 1 DAGs
[2025-11-21T00:11:25.023+0000] {logging_mixin.py:188} INFO - [2025-11-21T00:11:25.023+0000] {dag.py:3834} INFO - Setting next_dagrun for copa2024_compute_kpis to 2025-11-21 00:00:00+00:00, run_after=2025-11-22 00:00:00+00:00
[2025-11-21T00:11:25.100+0000] {processor.py:183} INFO - Processing /opt/airflow/dags/compute_kpis_dag.py took 0.230 seconds
