[2025-11-21T00:00:24.102+0000] {processor.py:161} INFO - Started process (PID=286) to work on /opt/airflow/dags/extract_transform_load_dag.py
[2025-11-21T00:00:24.104+0000] {processor.py:830} INFO - Processing file /opt/airflow/dags/extract_transform_load_dag.py for tasks to queue
[2025-11-21T00:00:24.105+0000] {logging_mixin.py:188} INFO - [2025-11-21T00:00:24.105+0000] {dagbag.py:540} INFO - Filling up the DagBag from /opt/airflow/dags/extract_transform_load_dag.py
[2025-11-21T00:00:24.199+0000] {processor.py:840} INFO - DAG(s) 'copa2024_etl' retrieved from /opt/airflow/dags/extract_transform_load_dag.py
[2025-11-21T00:00:24.237+0000] {logging_mixin.py:188} INFO - [2025-11-21T00:00:24.236+0000] {dag.py:3047} INFO - Sync 1 DAGs
[2025-11-21T00:00:24.253+0000] {logging_mixin.py:188} INFO - [2025-11-21T00:00:24.252+0000] {dag.py:3834} INFO - Setting next_dagrun for copa2024_etl to None, run_after=None
[2025-11-21T00:00:24.340+0000] {processor.py:183} INFO - Processing /opt/airflow/dags/extract_transform_load_dag.py took 0.241 seconds
[2025-11-21T00:00:55.325+0000] {processor.py:161} INFO - Started process (PID=288) to work on /opt/airflow/dags/extract_transform_load_dag.py
[2025-11-21T00:00:55.327+0000] {processor.py:830} INFO - Processing file /opt/airflow/dags/extract_transform_load_dag.py for tasks to queue
[2025-11-21T00:00:55.329+0000] {logging_mixin.py:188} INFO - [2025-11-21T00:00:55.328+0000] {dagbag.py:540} INFO - Filling up the DagBag from /opt/airflow/dags/extract_transform_load_dag.py
[2025-11-21T00:00:55.412+0000] {processor.py:840} INFO - DAG(s) 'copa2024_etl' retrieved from /opt/airflow/dags/extract_transform_load_dag.py
[2025-11-21T00:00:55.442+0000] {logging_mixin.py:188} INFO - [2025-11-21T00:00:55.442+0000] {dag.py:3047} INFO - Sync 1 DAGs
[2025-11-21T00:00:55.458+0000] {logging_mixin.py:188} INFO - [2025-11-21T00:00:55.457+0000] {dag.py:3834} INFO - Setting next_dagrun for copa2024_etl to None, run_after=None
[2025-11-21T00:00:55.527+0000] {processor.py:183} INFO - Processing /opt/airflow/dags/extract_transform_load_dag.py took 0.205 seconds
[2025-11-21T00:01:25.828+0000] {processor.py:161} INFO - Started process (PID=290) to work on /opt/airflow/dags/extract_transform_load_dag.py
[2025-11-21T00:01:25.830+0000] {processor.py:830} INFO - Processing file /opt/airflow/dags/extract_transform_load_dag.py for tasks to queue
[2025-11-21T00:01:25.832+0000] {logging_mixin.py:188} INFO - [2025-11-21T00:01:25.831+0000] {dagbag.py:540} INFO - Filling up the DagBag from /opt/airflow/dags/extract_transform_load_dag.py
[2025-11-21T00:01:25.931+0000] {processor.py:840} INFO - DAG(s) 'copa2024_etl' retrieved from /opt/airflow/dags/extract_transform_load_dag.py
[2025-11-21T00:01:25.963+0000] {logging_mixin.py:188} INFO - [2025-11-21T00:01:25.963+0000] {dag.py:3047} INFO - Sync 1 DAGs
[2025-11-21T00:01:25.979+0000] {logging_mixin.py:188} INFO - [2025-11-21T00:01:25.978+0000] {dag.py:3834} INFO - Setting next_dagrun for copa2024_etl to None, run_after=None
[2025-11-21T00:01:26.050+0000] {processor.py:183} INFO - Processing /opt/airflow/dags/extract_transform_load_dag.py took 0.228 seconds
[2025-11-21T00:01:59.788+0000] {processor.py:161} INFO - Started process (PID=292) to work on /opt/airflow/dags/extract_transform_load_dag.py
[2025-11-21T00:01:59.790+0000] {processor.py:830} INFO - Processing file /opt/airflow/dags/extract_transform_load_dag.py for tasks to queue
[2025-11-21T00:01:59.792+0000] {logging_mixin.py:188} INFO - [2025-11-21T00:01:59.791+0000] {dagbag.py:540} INFO - Filling up the DagBag from /opt/airflow/dags/extract_transform_load_dag.py
[2025-11-21T00:01:59.905+0000] {processor.py:840} INFO - DAG(s) 'copa2024_etl' retrieved from /opt/airflow/dags/extract_transform_load_dag.py
[2025-11-21T00:01:59.936+0000] {logging_mixin.py:188} INFO - [2025-11-21T00:01:59.935+0000] {dag.py:3047} INFO - Sync 1 DAGs
[2025-11-21T00:01:59.951+0000] {logging_mixin.py:188} INFO - [2025-11-21T00:01:59.951+0000] {dag.py:3834} INFO - Setting next_dagrun for copa2024_etl to None, run_after=None
[2025-11-21T00:02:00.015+0000] {processor.py:183} INFO - Processing /opt/airflow/dags/extract_transform_load_dag.py took 0.231 seconds
[2025-11-21T00:02:33.656+0000] {processor.py:161} INFO - Started process (PID=294) to work on /opt/airflow/dags/extract_transform_load_dag.py
[2025-11-21T00:02:33.658+0000] {processor.py:830} INFO - Processing file /opt/airflow/dags/extract_transform_load_dag.py for tasks to queue
[2025-11-21T00:02:33.659+0000] {logging_mixin.py:188} INFO - [2025-11-21T00:02:33.659+0000] {dagbag.py:540} INFO - Filling up the DagBag from /opt/airflow/dags/extract_transform_load_dag.py
[2025-11-21T00:02:33.743+0000] {processor.py:840} INFO - DAG(s) 'copa2024_etl' retrieved from /opt/airflow/dags/extract_transform_load_dag.py
[2025-11-21T00:02:33.779+0000] {logging_mixin.py:188} INFO - [2025-11-21T00:02:33.779+0000] {dag.py:3047} INFO - Sync 1 DAGs
[2025-11-21T00:02:33.795+0000] {logging_mixin.py:188} INFO - [2025-11-21T00:02:33.795+0000] {dag.py:3834} INFO - Setting next_dagrun for copa2024_etl to None, run_after=None
[2025-11-21T00:02:33.856+0000] {processor.py:183} INFO - Processing /opt/airflow/dags/extract_transform_load_dag.py took 0.204 seconds
[2025-11-21T00:03:06.444+0000] {processor.py:161} INFO - Started process (PID=296) to work on /opt/airflow/dags/extract_transform_load_dag.py
[2025-11-21T00:03:06.445+0000] {processor.py:830} INFO - Processing file /opt/airflow/dags/extract_transform_load_dag.py for tasks to queue
[2025-11-21T00:03:06.447+0000] {logging_mixin.py:188} INFO - [2025-11-21T00:03:06.446+0000] {dagbag.py:540} INFO - Filling up the DagBag from /opt/airflow/dags/extract_transform_load_dag.py
[2025-11-21T00:03:06.534+0000] {processor.py:840} INFO - DAG(s) 'copa2024_etl' retrieved from /opt/airflow/dags/extract_transform_load_dag.py
[2025-11-21T00:03:06.574+0000] {logging_mixin.py:188} INFO - [2025-11-21T00:03:06.574+0000] {dag.py:3047} INFO - Sync 1 DAGs
[2025-11-21T00:03:06.591+0000] {logging_mixin.py:188} INFO - [2025-11-21T00:03:06.590+0000] {dag.py:3834} INFO - Setting next_dagrun for copa2024_etl to None, run_after=None
[2025-11-21T00:03:06.655+0000] {processor.py:183} INFO - Processing /opt/airflow/dags/extract_transform_load_dag.py took 0.215 seconds
[2025-11-21T00:03:40.366+0000] {processor.py:161} INFO - Started process (PID=298) to work on /opt/airflow/dags/extract_transform_load_dag.py
[2025-11-21T00:03:40.367+0000] {processor.py:830} INFO - Processing file /opt/airflow/dags/extract_transform_load_dag.py for tasks to queue
[2025-11-21T00:03:40.369+0000] {logging_mixin.py:188} INFO - [2025-11-21T00:03:40.368+0000] {dagbag.py:540} INFO - Filling up the DagBag from /opt/airflow/dags/extract_transform_load_dag.py
[2025-11-21T00:03:40.468+0000] {processor.py:840} INFO - DAG(s) 'copa2024_etl' retrieved from /opt/airflow/dags/extract_transform_load_dag.py
[2025-11-21T00:03:40.504+0000] {logging_mixin.py:188} INFO - [2025-11-21T00:03:40.503+0000] {dag.py:3047} INFO - Sync 1 DAGs
[2025-11-21T00:03:40.520+0000] {logging_mixin.py:188} INFO - [2025-11-21T00:03:40.519+0000] {dag.py:3834} INFO - Setting next_dagrun for copa2024_etl to None, run_after=None
[2025-11-21T00:03:40.589+0000] {processor.py:183} INFO - Processing /opt/airflow/dags/extract_transform_load_dag.py took 0.227 seconds
[2025-11-21T00:04:13.146+0000] {processor.py:161} INFO - Started process (PID=300) to work on /opt/airflow/dags/extract_transform_load_dag.py
[2025-11-21T00:04:13.147+0000] {processor.py:830} INFO - Processing file /opt/airflow/dags/extract_transform_load_dag.py for tasks to queue
[2025-11-21T00:04:13.149+0000] {logging_mixin.py:188} INFO - [2025-11-21T00:04:13.148+0000] {dagbag.py:540} INFO - Filling up the DagBag from /opt/airflow/dags/extract_transform_load_dag.py
[2025-11-21T00:04:13.228+0000] {processor.py:840} INFO - DAG(s) 'copa2024_etl' retrieved from /opt/airflow/dags/extract_transform_load_dag.py
[2025-11-21T00:04:13.261+0000] {logging_mixin.py:188} INFO - [2025-11-21T00:04:13.261+0000] {dag.py:3047} INFO - Sync 1 DAGs
[2025-11-21T00:04:13.275+0000] {logging_mixin.py:188} INFO - [2025-11-21T00:04:13.275+0000] {dag.py:3834} INFO - Setting next_dagrun for copa2024_etl to None, run_after=None
[2025-11-21T00:04:13.337+0000] {processor.py:183} INFO - Processing /opt/airflow/dags/extract_transform_load_dag.py took 0.194 seconds
[2025-11-21T00:04:47.027+0000] {processor.py:161} INFO - Started process (PID=302) to work on /opt/airflow/dags/extract_transform_load_dag.py
[2025-11-21T00:04:47.028+0000] {processor.py:830} INFO - Processing file /opt/airflow/dags/extract_transform_load_dag.py for tasks to queue
[2025-11-21T00:04:47.030+0000] {logging_mixin.py:188} INFO - [2025-11-21T00:04:47.029+0000] {dagbag.py:540} INFO - Filling up the DagBag from /opt/airflow/dags/extract_transform_load_dag.py
[2025-11-21T00:04:47.106+0000] {processor.py:840} INFO - DAG(s) 'copa2024_etl' retrieved from /opt/airflow/dags/extract_transform_load_dag.py
[2025-11-21T00:04:47.146+0000] {logging_mixin.py:188} INFO - [2025-11-21T00:04:47.146+0000] {dag.py:3047} INFO - Sync 1 DAGs
[2025-11-21T00:04:47.163+0000] {logging_mixin.py:188} INFO - [2025-11-21T00:04:47.163+0000] {dag.py:3834} INFO - Setting next_dagrun for copa2024_etl to None, run_after=None
[2025-11-21T00:04:47.228+0000] {processor.py:183} INFO - Processing /opt/airflow/dags/extract_transform_load_dag.py took 0.205 seconds
[2025-11-21T00:05:19.659+0000] {processor.py:161} INFO - Started process (PID=304) to work on /opt/airflow/dags/extract_transform_load_dag.py
[2025-11-21T00:05:19.661+0000] {processor.py:830} INFO - Processing file /opt/airflow/dags/extract_transform_load_dag.py for tasks to queue
[2025-11-21T00:05:19.662+0000] {logging_mixin.py:188} INFO - [2025-11-21T00:05:19.662+0000] {dagbag.py:540} INFO - Filling up the DagBag from /opt/airflow/dags/extract_transform_load_dag.py
[2025-11-21T00:05:19.759+0000] {processor.py:840} INFO - DAG(s) 'copa2024_etl' retrieved from /opt/airflow/dags/extract_transform_load_dag.py
[2025-11-21T00:05:19.802+0000] {logging_mixin.py:188} INFO - [2025-11-21T00:05:19.801+0000] {dag.py:3047} INFO - Sync 1 DAGs
[2025-11-21T00:05:19.817+0000] {logging_mixin.py:188} INFO - [2025-11-21T00:05:19.817+0000] {dag.py:3834} INFO - Setting next_dagrun for copa2024_etl to None, run_after=None
[2025-11-21T00:05:19.893+0000] {processor.py:183} INFO - Processing /opt/airflow/dags/extract_transform_load_dag.py took 0.237 seconds
[2025-11-21T00:05:52.618+0000] {processor.py:161} INFO - Started process (PID=306) to work on /opt/airflow/dags/extract_transform_load_dag.py
[2025-11-21T00:05:52.620+0000] {processor.py:830} INFO - Processing file /opt/airflow/dags/extract_transform_load_dag.py for tasks to queue
[2025-11-21T00:05:52.621+0000] {logging_mixin.py:188} INFO - [2025-11-21T00:05:52.621+0000] {dagbag.py:540} INFO - Filling up the DagBag from /opt/airflow/dags/extract_transform_load_dag.py
[2025-11-21T00:05:52.731+0000] {processor.py:840} INFO - DAG(s) 'copa2024_etl' retrieved from /opt/airflow/dags/extract_transform_load_dag.py
[2025-11-21T00:05:52.781+0000] {logging_mixin.py:188} INFO - [2025-11-21T00:05:52.780+0000] {dag.py:3047} INFO - Sync 1 DAGs
[2025-11-21T00:05:52.805+0000] {logging_mixin.py:188} INFO - [2025-11-21T00:05:52.804+0000] {dag.py:3834} INFO - Setting next_dagrun for copa2024_etl to None, run_after=None
[2025-11-21T00:05:52.879+0000] {processor.py:183} INFO - Processing /opt/airflow/dags/extract_transform_load_dag.py took 0.265 seconds
[2025-11-21T00:06:26.906+0000] {processor.py:161} INFO - Started process (PID=308) to work on /opt/airflow/dags/extract_transform_load_dag.py
[2025-11-21T00:06:26.908+0000] {processor.py:830} INFO - Processing file /opt/airflow/dags/extract_transform_load_dag.py for tasks to queue
[2025-11-21T00:06:26.909+0000] {logging_mixin.py:188} INFO - [2025-11-21T00:06:26.909+0000] {dagbag.py:540} INFO - Filling up the DagBag from /opt/airflow/dags/extract_transform_load_dag.py
[2025-11-21T00:06:26.987+0000] {processor.py:840} INFO - DAG(s) 'copa2024_etl' retrieved from /opt/airflow/dags/extract_transform_load_dag.py
[2025-11-21T00:06:27.035+0000] {logging_mixin.py:188} INFO - [2025-11-21T00:06:27.035+0000] {dag.py:3047} INFO - Sync 1 DAGs
[2025-11-21T00:06:27.050+0000] {logging_mixin.py:188} INFO - [2025-11-21T00:06:27.050+0000] {dag.py:3834} INFO - Setting next_dagrun for copa2024_etl to None, run_after=None
[2025-11-21T00:06:27.118+0000] {processor.py:183} INFO - Processing /opt/airflow/dags/extract_transform_load_dag.py took 0.216 seconds
[2025-11-21T00:06:59.635+0000] {processor.py:161} INFO - Started process (PID=310) to work on /opt/airflow/dags/extract_transform_load_dag.py
[2025-11-21T00:06:59.637+0000] {processor.py:830} INFO - Processing file /opt/airflow/dags/extract_transform_load_dag.py for tasks to queue
[2025-11-21T00:06:59.638+0000] {logging_mixin.py:188} INFO - [2025-11-21T00:06:59.638+0000] {dagbag.py:540} INFO - Filling up the DagBag from /opt/airflow/dags/extract_transform_load_dag.py
[2025-11-21T00:06:59.727+0000] {processor.py:840} INFO - DAG(s) 'copa2024_etl' retrieved from /opt/airflow/dags/extract_transform_load_dag.py
[2025-11-21T00:06:59.759+0000] {logging_mixin.py:188} INFO - [2025-11-21T00:06:59.759+0000] {dag.py:3047} INFO - Sync 1 DAGs
[2025-11-21T00:06:59.774+0000] {logging_mixin.py:188} INFO - [2025-11-21T00:06:59.774+0000] {dag.py:3834} INFO - Setting next_dagrun for copa2024_etl to None, run_after=None
[2025-11-21T00:06:59.851+0000] {processor.py:183} INFO - Processing /opt/airflow/dags/extract_transform_load_dag.py took 0.220 seconds
[2025-11-21T00:07:33.622+0000] {processor.py:161} INFO - Started process (PID=312) to work on /opt/airflow/dags/extract_transform_load_dag.py
[2025-11-21T00:07:33.624+0000] {processor.py:830} INFO - Processing file /opt/airflow/dags/extract_transform_load_dag.py for tasks to queue
[2025-11-21T00:07:33.625+0000] {logging_mixin.py:188} INFO - [2025-11-21T00:07:33.625+0000] {dagbag.py:540} INFO - Filling up the DagBag from /opt/airflow/dags/extract_transform_load_dag.py
[2025-11-21T00:07:33.712+0000] {processor.py:840} INFO - DAG(s) 'copa2024_etl' retrieved from /opt/airflow/dags/extract_transform_load_dag.py
[2025-11-21T00:07:33.745+0000] {logging_mixin.py:188} INFO - [2025-11-21T00:07:33.744+0000] {dag.py:3047} INFO - Sync 1 DAGs
[2025-11-21T00:07:33.765+0000] {logging_mixin.py:188} INFO - [2025-11-21T00:07:33.765+0000] {dag.py:3834} INFO - Setting next_dagrun for copa2024_etl to None, run_after=None
[2025-11-21T00:07:33.831+0000] {processor.py:183} INFO - Processing /opt/airflow/dags/extract_transform_load_dag.py took 0.213 seconds
[2025-11-21T00:08:06.379+0000] {processor.py:161} INFO - Started process (PID=314) to work on /opt/airflow/dags/extract_transform_load_dag.py
[2025-11-21T00:08:06.380+0000] {processor.py:830} INFO - Processing file /opt/airflow/dags/extract_transform_load_dag.py for tasks to queue
[2025-11-21T00:08:06.382+0000] {logging_mixin.py:188} INFO - [2025-11-21T00:08:06.381+0000] {dagbag.py:540} INFO - Filling up the DagBag from /opt/airflow/dags/extract_transform_load_dag.py
[2025-11-21T00:08:06.468+0000] {processor.py:840} INFO - DAG(s) 'copa2024_etl' retrieved from /opt/airflow/dags/extract_transform_load_dag.py
[2025-11-21T00:08:06.498+0000] {logging_mixin.py:188} INFO - [2025-11-21T00:08:06.498+0000] {dag.py:3047} INFO - Sync 1 DAGs
[2025-11-21T00:08:06.516+0000] {logging_mixin.py:188} INFO - [2025-11-21T00:08:06.516+0000] {dag.py:3834} INFO - Setting next_dagrun for copa2024_etl to None, run_after=None
[2025-11-21T00:08:06.597+0000] {processor.py:183} INFO - Processing /opt/airflow/dags/extract_transform_load_dag.py took 0.222 seconds
[2025-11-21T00:08:40.269+0000] {processor.py:161} INFO - Started process (PID=316) to work on /opt/airflow/dags/extract_transform_load_dag.py
[2025-11-21T00:08:40.271+0000] {processor.py:830} INFO - Processing file /opt/airflow/dags/extract_transform_load_dag.py for tasks to queue
[2025-11-21T00:08:40.273+0000] {logging_mixin.py:188} INFO - [2025-11-21T00:08:40.272+0000] {dagbag.py:540} INFO - Filling up the DagBag from /opt/airflow/dags/extract_transform_load_dag.py
[2025-11-21T00:08:40.359+0000] {processor.py:840} INFO - DAG(s) 'copa2024_etl' retrieved from /opt/airflow/dags/extract_transform_load_dag.py
[2025-11-21T00:08:40.390+0000] {logging_mixin.py:188} INFO - [2025-11-21T00:08:40.389+0000] {dag.py:3047} INFO - Sync 1 DAGs
[2025-11-21T00:08:40.403+0000] {logging_mixin.py:188} INFO - [2025-11-21T00:08:40.403+0000] {dag.py:3834} INFO - Setting next_dagrun for copa2024_etl to None, run_after=None
[2025-11-21T00:08:40.473+0000] {processor.py:183} INFO - Processing /opt/airflow/dags/extract_transform_load_dag.py took 0.209 seconds
[2025-11-21T00:09:12.867+0000] {processor.py:161} INFO - Started process (PID=318) to work on /opt/airflow/dags/extract_transform_load_dag.py
[2025-11-21T00:09:12.868+0000] {processor.py:830} INFO - Processing file /opt/airflow/dags/extract_transform_load_dag.py for tasks to queue
[2025-11-21T00:09:12.870+0000] {logging_mixin.py:188} INFO - [2025-11-21T00:09:12.869+0000] {dagbag.py:540} INFO - Filling up the DagBag from /opt/airflow/dags/extract_transform_load_dag.py
[2025-11-21T00:09:12.957+0000] {processor.py:840} INFO - DAG(s) 'copa2024_etl' retrieved from /opt/airflow/dags/extract_transform_load_dag.py
[2025-11-21T00:09:12.993+0000] {logging_mixin.py:188} INFO - [2025-11-21T00:09:12.992+0000] {dag.py:3047} INFO - Sync 1 DAGs
[2025-11-21T00:09:13.012+0000] {logging_mixin.py:188} INFO - [2025-11-21T00:09:13.011+0000] {dag.py:3834} INFO - Setting next_dagrun for copa2024_etl to None, run_after=None
[2025-11-21T00:09:13.080+0000] {processor.py:183} INFO - Processing /opt/airflow/dags/extract_transform_load_dag.py took 0.217 seconds
[2025-11-21T00:09:45.850+0000] {processor.py:161} INFO - Started process (PID=320) to work on /opt/airflow/dags/extract_transform_load_dag.py
[2025-11-21T00:09:45.852+0000] {processor.py:830} INFO - Processing file /opt/airflow/dags/extract_transform_load_dag.py for tasks to queue
[2025-11-21T00:09:45.853+0000] {logging_mixin.py:188} INFO - [2025-11-21T00:09:45.852+0000] {dagbag.py:540} INFO - Filling up the DagBag from /opt/airflow/dags/extract_transform_load_dag.py
[2025-11-21T00:09:45.941+0000] {processor.py:840} INFO - DAG(s) 'copa2024_etl' retrieved from /opt/airflow/dags/extract_transform_load_dag.py
[2025-11-21T00:09:45.973+0000] {logging_mixin.py:188} INFO - [2025-11-21T00:09:45.973+0000] {dag.py:3047} INFO - Sync 1 DAGs
[2025-11-21T00:09:45.987+0000] {logging_mixin.py:188} INFO - [2025-11-21T00:09:45.987+0000] {dag.py:3834} INFO - Setting next_dagrun for copa2024_etl to None, run_after=None
[2025-11-21T00:09:46.049+0000] {processor.py:183} INFO - Processing /opt/airflow/dags/extract_transform_load_dag.py took 0.202 seconds
[2025-11-21T00:10:20.107+0000] {processor.py:161} INFO - Started process (PID=322) to work on /opt/airflow/dags/extract_transform_load_dag.py
[2025-11-21T00:10:20.109+0000] {processor.py:830} INFO - Processing file /opt/airflow/dags/extract_transform_load_dag.py for tasks to queue
[2025-11-21T00:10:20.110+0000] {logging_mixin.py:188} INFO - [2025-11-21T00:10:20.110+0000] {dagbag.py:540} INFO - Filling up the DagBag from /opt/airflow/dags/extract_transform_load_dag.py
[2025-11-21T00:10:20.245+0000] {processor.py:840} INFO - DAG(s) 'copa2024_etl' retrieved from /opt/airflow/dags/extract_transform_load_dag.py
[2025-11-21T00:10:20.275+0000] {logging_mixin.py:188} INFO - [2025-11-21T00:10:20.275+0000] {dag.py:3047} INFO - Sync 1 DAGs
[2025-11-21T00:10:20.289+0000] {logging_mixin.py:188} INFO - [2025-11-21T00:10:20.289+0000] {dag.py:3834} INFO - Setting next_dagrun for copa2024_etl to None, run_after=None
[2025-11-21T00:10:20.349+0000] {processor.py:183} INFO - Processing /opt/airflow/dags/extract_transform_load_dag.py took 0.246 seconds
[2025-11-21T00:10:53.797+0000] {processor.py:161} INFO - Started process (PID=324) to work on /opt/airflow/dags/extract_transform_load_dag.py
[2025-11-21T00:10:53.799+0000] {processor.py:830} INFO - Processing file /opt/airflow/dags/extract_transform_load_dag.py for tasks to queue
[2025-11-21T00:10:53.800+0000] {logging_mixin.py:188} INFO - [2025-11-21T00:10:53.800+0000] {dagbag.py:540} INFO - Filling up the DagBag from /opt/airflow/dags/extract_transform_load_dag.py
[2025-11-21T00:10:53.877+0000] {processor.py:840} INFO - DAG(s) 'copa2024_etl' retrieved from /opt/airflow/dags/extract_transform_load_dag.py
[2025-11-21T00:10:53.909+0000] {logging_mixin.py:188} INFO - [2025-11-21T00:10:53.909+0000] {dag.py:3047} INFO - Sync 1 DAGs
[2025-11-21T00:10:53.924+0000] {logging_mixin.py:188} INFO - [2025-11-21T00:10:53.923+0000] {dag.py:3834} INFO - Setting next_dagrun for copa2024_etl to None, run_after=None
[2025-11-21T00:10:53.994+0000] {processor.py:183} INFO - Processing /opt/airflow/dags/extract_transform_load_dag.py took 0.201 seconds
[2025-11-21T00:11:26.302+0000] {processor.py:161} INFO - Started process (PID=326) to work on /opt/airflow/dags/extract_transform_load_dag.py
[2025-11-21T00:11:26.304+0000] {processor.py:830} INFO - Processing file /opt/airflow/dags/extract_transform_load_dag.py for tasks to queue
[2025-11-21T00:11:26.305+0000] {logging_mixin.py:188} INFO - [2025-11-21T00:11:26.304+0000] {dagbag.py:540} INFO - Filling up the DagBag from /opt/airflow/dags/extract_transform_load_dag.py
[2025-11-21T00:11:26.402+0000] {processor.py:840} INFO - DAG(s) 'copa2024_etl' retrieved from /opt/airflow/dags/extract_transform_load_dag.py
[2025-11-21T00:11:26.431+0000] {logging_mixin.py:188} INFO - [2025-11-21T00:11:26.431+0000] {dag.py:3047} INFO - Sync 1 DAGs
[2025-11-21T00:11:26.445+0000] {logging_mixin.py:188} INFO - [2025-11-21T00:11:26.445+0000] {dag.py:3834} INFO - Setting next_dagrun for copa2024_etl to None, run_after=None
[2025-11-21T00:11:26.506+0000] {processor.py:183} INFO - Processing /opt/airflow/dags/extract_transform_load_dag.py took 0.207 seconds
